<?xml version="1.0" encoding="UTF-8"?>
<!-- Generated by org.testng.reporters.JUnitReportReporter -->
<testsuite hostname="Nishant-Awasthi" failures="0" tests="1" name="day44.groupings.GroupingsMethod1" time="0.018" errors="0" timestamp="2025-01-07T00:07:57 IST" skipped="0">
  <testcase classname="day44.groupings.GroupingsMethod1" name="checkReviewLink" time="0.018"/>
</testsuite> <!-- day44.groupings.GroupingsMethod1 -->
