<?xml version="1.0" encoding="UTF-8"?>
<!-- Generated by org.testng.reporters.JUnitReportReporter -->
<testsuite hostname="Nishant-Awasthi" failures="0" tests="4" name="day42.OrangeHRMTest" time="23.561" errors="0" timestamp="2025-01-05T18:26:09 IST" skipped="0">
  <testcase classname="day42.OrangeHRMTest" name="openapp" time="17.972"/>
  <testcase classname="day42.OrangeHRMTest" name="testlogo" time="3.085"/>
  <testcase classname="day42.OrangeHRMTest" name="testlogin" time="1.803"/>
  <testcase classname="day42.OrangeHRMTest" name="closeapp" time="0.701"/>
</testsuite> <!-- day42.OrangeHRMTest -->
