<?xml version="1.0" encoding="UTF-8"?>
<!-- Generated by org.testng.reporters.JUnitReportReporter -->
<testsuite hostname="Nishant-Awasthi" failures="0" tests="3" name="day42.MyFirstTestcase" time="0.027" errors="0" timestamp="2025-01-05T18:21:31 IST" skipped="0">
  <testcase classname="day42.MyFirstTestcase" name="open" time="0.003"/>
  <testcase classname="day42.MyFirstTestcase" name="login" time="0.012"/>
  <testcase classname="day42.MyFirstTestcase" name="logout" time="0.012"/>
</testsuite> <!-- day42.MyFirstTestcase -->
