<?xml version="1.0" encoding="UTF-8"?>
<!-- Generated by org.testng.reporters.JUnitReportReporter -->
<testsuite hostname="Nishant-Awasthi" failures="0" tests="1" name="annotations_Assertions.pack.Test2" time="0.005" errors="0" timestamp="2025-01-06T22:59:55 IST" skipped="0">
  <testcase classname="annotations_Assertions.pack.Test2" name="openapp" time="0.005"/>
</testsuite> <!-- annotations_Assertions.pack.Test2 -->
