<?xml version="1.0" encoding="UTF-8"?>
<!-- Generated by org.testng.reporters.JUnitReportReporter -->
<testsuite hostname="Nishant-Awasthi" failures="0" tests="1" name="annotations_Assertions.pack.Test1" time="0.026" errors="0" timestamp="2025-01-06T22:59:55 IST" skipped="0">
  <testcase classname="annotations_Assertions.pack.Test1" name="openapp" time="0.026"/>
</testsuite> <!-- annotations_Assertions.pack.Test1 -->
