<?xml version="1.0" encoding="UTF-8"?>
<!-- Generated by org.testng.reporters.JUnitReportReporter -->
<testsuite hostname="Nishant-Awasthi" failures="0" tests="9" name="day45.ParamTest" time="1.652" errors="0" timestamp="2025-01-10T00:10:20 IST" skipped="0">
  <testcase classname="day45.ParamTest" name="testLogo" time="0.032"/>
  <testcase classname="day45.ParamTest" name="testLogo" time="0.822"/>
  <testcase classname="day45.ParamTest" name="testLogo" time="0.370"/>
  <testcase classname="day45.ParamTest" name="testURL" time="0.084"/>
  <testcase classname="day45.ParamTest" name="testURL" time="0.008"/>
  <testcase classname="day45.ParamTest" name="testURL" time="0.063"/>
  <testcase classname="day45.ParamTest" name="testTitle" time="0.131"/>
  <testcase classname="day45.ParamTest" name="testTitle" time="0.129"/>
  <testcase classname="day45.ParamTest" name="testTitle" time="0.013"/>
</testsuite> <!-- day45.ParamTest -->
