<?xml version="1.0" encoding="UTF-8"?>
<!-- Generated by org.testng.reporters.JUnitReportReporter -->
<testsuite hostname="Nishant-Awasthi" failures="0" tests="3" name="day42.day42" time="0.054" errors="0" timestamp="2025-01-05T18:16:45 IST" skipped="0">
  <testcase classname="day42.day42" name="open" time="0.023"/>
  <testcase classname="day42.day42" name="login" time="0.021"/>
  <testcase classname="day42.day42" name="logout" time="0.010"/>
</testsuite> <!-- day42.day42 -->
